[2025-06-29T20:50:36.941+0000] {taskinstance.py:1956} INFO - Dependencies all met for dep_context=non-requeueable deps ti=<TaskInstance: superstore_etl_workflow.cargar_fact_ventas manual__2025-06-29T20:04:38.635006+00:00 [queued]>
[2025-06-29T20:50:36.952+0000] {taskinstance.py:1956} INFO - Dependencies all met for dep_context=requeueable deps ti=<TaskInstance: superstore_etl_workflow.cargar_fact_ventas manual__2025-06-29T20:04:38.635006+00:00 [queued]>
[2025-06-29T20:50:36.952+0000] {taskinstance.py:2170} INFO - Starting attempt 7 of 8
[2025-06-29T20:50:36.972+0000] {taskinstance.py:2191} INFO - Executing <Task(PythonOperator): cargar_fact_ventas> on 2025-06-29 20:04:38.635006+00:00
[2025-06-29T20:50:36.977+0000] {standard_task_runner.py:60} INFO - Started process 1084 to run task
[2025-06-29T20:50:36.982+0000] {standard_task_runner.py:87} INFO - Running: ['***', 'tasks', 'run', 'superstore_etl_workflow', 'cargar_fact_ventas', 'manual__2025-06-29T20:04:38.635006+00:00', '--job-id', '38', '--raw', '--subdir', 'DAGS_FOLDER/superstore_etl_dag.py', '--cfg-path', '/tmp/tmp16p686k0']
[2025-06-29T20:50:36.986+0000] {standard_task_runner.py:88} INFO - Job 38: Subtask cargar_fact_ventas
[2025-06-29T20:50:37.046+0000] {task_command.py:423} INFO - Running <TaskInstance: superstore_etl_workflow.cargar_fact_ventas manual__2025-06-29T20:04:38.635006+00:00 [running]> on host 85c12c2be069
[2025-06-29T20:50:37.152+0000] {taskinstance.py:2480} INFO - Exporting env vars: AIRFLOW_CTX_DAG_OWNER='tu_nombre' AIRFLOW_CTX_DAG_ID='superstore_etl_workflow' AIRFLOW_CTX_TASK_ID='cargar_fact_ventas' AIRFLOW_CTX_EXECUTION_DATE='2025-06-29T20:04:38.635006+00:00' AIRFLOW_CTX_TRY_NUMBER='7' AIRFLOW_CTX_DAG_RUN_ID='manual__2025-06-29T20:04:38.635006+00:00'
[2025-06-29T20:50:37.156+0000] {logging_mixin.py:188} INFO - Iniciando ETL para la tabla de hechos h_ventas...
[2025-06-29T20:50:48.303+0000] {logging_mixin.py:188} INFO - Se extrajeron 51290 filas de ventas del archivo de origen.
[2025-06-29T20:50:48.345+0000] {logging_mixin.py:188} INFO - Extrayendo dimensiones desde BigQuery para lookup...
[2025-06-29T20:51:01.081+0000] {logging_mixin.py:188} INFO - Dimensiones extraídas correctamente desde BigQuery.
[2025-06-29T20:51:01.081+0000] {logging_mixin.py:188} INFO - Iniciando transformación de la tabla de hechos...
[2025-06-29T20:51:01.092+0000] {logging_mixin.py:188} WARNING - /opt/***/dags/superstore_etl_dag.py:371 UserWarning: Parsing dates in %d-%m-%Y format when dayfirst=False (the default) was specified. Pass `dayfirst=True` or specify a format to silence this warning.
[2025-06-29T20:51:01.241+0000] {logging_mixin.py:188} WARNING - /opt/***/dags/superstore_etl_dag.py:372 UserWarning: Parsing dates in %d-%m-%Y format when dayfirst=False (the default) was specified. Pass `dayfirst=True` or specify a format to silence this warning.
[2025-06-29T20:51:01.400+0000] {logging_mixin.py:188} INFO - Realizando merges para enriquecer los hechos con las claves de dimensión...
[2025-06-29T20:51:01.709+0000] {logging_mixin.py:188} INFO - Merges completados.
[2025-06-29T20:51:01.714+0000] {logging_mixin.py:188} INFO - Transformación finalizada. Se prepararon 51290 filas para la tabla de hechos.
[2025-06-29T20:51:01.715+0000] {logging_mixin.py:188} INFO - Cargando datos a BigQuery en la tabla h_ventas...
[2025-06-29T20:51:05.118+0000] {logging_mixin.py:188} INFO - Carga completada. Se cargaron 51290 filas en la tabla tarea-sistemas-proceso-etl.dwh_superstore.h_ventas.
[2025-06-29T20:51:05.119+0000] {python.py:201} INFO - Done. Returned value was: None
[2025-06-29T20:51:05.140+0000] {taskinstance.py:1138} INFO - Marking task as SUCCESS. dag_id=superstore_etl_workflow, task_id=cargar_fact_ventas, execution_date=20250629T200438, start_date=20250629T205036, end_date=20250629T205105
[2025-06-29T20:51:05.170+0000] {local_task_job_runner.py:234} INFO - Task exited with return code 0
[2025-06-29T20:51:05.185+0000] {taskinstance.py:3280} INFO - 0 downstream tasks scheduled from follow-on schedule check
